<?xml version="1.0" encoding="UTF-8"?>
<coverage generated="1489432827163" clover="3.2.0">
  <project timestamp="1489432827163" name="All files">
    <metrics statements="24" coveredstatements="24" conditionals="19" coveredconditionals="16" methods="10" coveredmethods="10" elements="53" coveredelements="50" complexity="0" loc="24" ncloc="24" packages="1" files="3" classes="3">
      <file name="Column.js" path="/Users/oyvind/Documents/npm/react-gridify/src/Column.js">
        <metrics statements="21" coveredstatements="21" conditionals="17" coveredconditionals="15" methods="8" coveredmethods="8"/>
        <line num="4" count="1" type="stmt"/>
        <line num="5" count="6" type="stmt"/>
        <line num="6" count="1" type="stmt"/>
        <line num="8" count="5" type="stmt"/>
        <line num="12" count="6" type="stmt"/>
        <line num="16" count="3" type="stmt"/>
        <line num="23" count="1" type="stmt"/>
        <line num="24" count="3" type="stmt"/>
        <line num="25" count="3" type="stmt"/>
        <line num="31" count="1" type="stmt"/>
        <line num="32" count="2" type="stmt"/>
        <line num="33" count="1" type="stmt"/>
        <line num="41" count="1" type="stmt"/>
        <line num="42" count="2" type="stmt"/>
        <line num="43" count="1" type="stmt"/>
        <line num="51" count="1" type="stmt"/>
        <line num="52" count="2" type="stmt"/>
        <line num="53" count="1" type="stmt"/>
        <line num="61" count="1" type="stmt"/>
        <line num="73" count="3" type="stmt"/>
        <line num="74" count="3" type="stmt"/>
      </file>
      <file name="Row.js" path="/Users/oyvind/Documents/npm/react-gridify/src/Row.js">
        <metrics statements="3" coveredstatements="3" conditionals="2" coveredconditionals="1" methods="2" coveredmethods="2"/>
        <line num="4" count="1" type="stmt"/>
        <line num="11" count="1" type="stmt"/>
        <line num="12" count="1" type="stmt"/>
      </file>
      <file name="index.js" path="/Users/oyvind/Documents/npm/react-gridify/src/index.js">
        <metrics statements="0" coveredstatements="0" conditionals="0" coveredconditionals="0" methods="0" coveredmethods="0"/>
      </file>
    </metrics>
  </project>
</coverage>
