{"/Users/oyvind/Documents/npm/react-gridify/src/Column.js": {"path":"/Users/oyvind/Documents/npm/react-gridify/src/Column.js","statementMap":{"0":{"start":{"line":4,"column":23},"end":{"line":10,"column":1}},"1":{"start":{"line":5,"column":2},"end":{"line":9,"column":3}},"2":{"start":{"line":6,"column":4},"end":{"line":6,"column":59}},"3":{"start":{"line":8,"column":4},"end":{"line":8,"column":27}},"4":{"start":{"line":12,"column":27},"end":{"line":14,"column":2}},"5":{"start":{"line":12,"column":53},"end":{"line":14,"column":1}},"6":{"start":{"line":16,"column":30},"end":{"line":21,"column":2}},"7":{"start":{"line":16,"column":53},"end":{"line":21,"column":2}},"8":{"start":{"line":23,"column":17},"end":{"line":29,"column":1}},"9":{"start":{"line":24,"column":2},"end":{"line":28,"column":3}},"10":{"start":{"line":25,"column":4},"end":{"line":27,"column":7}},"11":{"start":{"line":31,"column":18},"end":{"line":39,"column":1}},"12":{"start":{"line":32,"column":2},"end":{"line":38,"column":3}},"13":{"start":{"line":33,"column":4},"end":{"line":37,"column":7}},"14":{"start":{"line":41,"column":17},"end":{"line":49,"column":1}},"15":{"start":{"line":42,"column":2},"end":{"line":48,"column":3}},"16":{"start":{"line":43,"column":4},"end":{"line":47,"column":7}},"17":{"start":{"line":51,"column":18},"end":{"line":59,"column":1}},"18":{"start":{"line":52,"column":2},"end":{"line":58,"column":3}},"19":{"start":{"line":53,"column":4},"end":{"line":57,"column":7}},"20":{"start":{"line":61,"column":15},"end":{"line":85,"column":1}},"21":{"start":{"line":73,"column":31},"end":{"line":73,"column":63}},"22":{"start":{"line":74,"column":2},"end":{"line":84,"column":4}}},"fnMap":{"0":{"name":"(anonymous_0)","decl":{"start":{"line":4,"column":23},"end":{"line":4,"column":24}},"loc":{"start":{"line":4,"column":31},"end":{"line":10,"column":1}}},"1":{"name":"(anonymous_1)","decl":{"start":{"line":12,"column":27},"end":{"line":12,"column":28}},"loc":{"start":{"line":12,"column":53},"end":{"line":14,"column":1}}},"2":{"name":"(anonymous_2)","decl":{"start":{"line":16,"column":30},"end":{"line":16,"column":31}},"loc":{"start":{"line":16,"column":53},"end":{"line":21,"column":2}}},"3":{"name":"(anonymous_3)","decl":{"start":{"line":23,"column":17},"end":{"line":23,"column":18}},"loc":{"start":{"line":23,"column":33},"end":{"line":29,"column":1}}},"4":{"name":"(anonymous_4)","decl":{"start":{"line":31,"column":18},"end":{"line":31,"column":19}},"loc":{"start":{"line":31,"column":34},"end":{"line":39,"column":1}}},"5":{"name":"(anonymous_5)","decl":{"start":{"line":41,"column":17},"end":{"line":41,"column":18}},"loc":{"start":{"line":41,"column":33},"end":{"line":49,"column":1}}},"6":{"name":"(anonymous_6)","decl":{"start":{"line":51,"column":18},"end":{"line":51,"column":19}},"loc":{"start":{"line":51,"column":34},"end":{"line":59,"column":1}}},"7":{"name":"(anonymous_7)","decl":{"start":{"line":61,"column":15},"end":{"line":61,"column":16}},"loc":{"start":{"line":72,"column":5},"end":{"line":85,"column":1}}}},"branchMap":{"0":{"loc":{"start":{"line":5,"column":2},"end":{"line":9,"column":3}},"type":"if","locations":[{"start":{"line":5,"column":2},"end":{"line":9,"column":3}},{"start":{"line":5,"column":2},"end":{"line":9,"column":3}}]},"1":{"loc":{"start":{"line":12,"column":28},"end":{"line":12,"column":47}},"type":"default-arg","locations":[{"start":{"line":12,"column":43},"end":{"line":12,"column":47}}]},"2":{"loc":{"start":{"line":19,"column":6},"end":{"line":19,"column":55}},"type":"cond-expr","locations":[{"start":{"line":19,"column":17},"end":{"line":19,"column":35}},{"start":{"line":19,"column":38},"end":{"line":19,"column":55}}]},"3":{"loc":{"start":{"line":20,"column":6},"end":{"line":20,"column":60}},"type":"cond-expr","locations":[{"start":{"line":20,"column":16},"end":{"line":20,"column":36}},{"start":{"line":20,"column":39},"end":{"line":20,"column":60}}]},"4":{"loc":{"start":{"line":24,"column":2},"end":{"line":28,"column":3}},"type":"if","locations":[{"start":{"line":24,"column":2},"end":{"line":28,"column":3}},{"start":{"line":24,"column":2},"end":{"line":28,"column":3}}]},"5":{"loc":{"start":{"line":32,"column":2},"end":{"line":38,"column":3}},"type":"if","locations":[{"start":{"line":32,"column":2},"end":{"line":38,"column":3}},{"start":{"line":32,"column":2},"end":{"line":38,"column":3}}]},"6":{"loc":{"start":{"line":42,"column":2},"end":{"line":48,"column":3}},"type":"if","locations":[{"start":{"line":42,"column":2},"end":{"line":48,"column":3}},{"start":{"line":42,"column":2},"end":{"line":48,"column":3}}]},"7":{"loc":{"start":{"line":52,"column":2},"end":{"line":58,"column":3}},"type":"if","locations":[{"start":{"line":52,"column":2},"end":{"line":58,"column":3}},{"start":{"line":52,"column":2},"end":{"line":58,"column":3}}]},"8":{"loc":{"start":{"line":73,"column":31},"end":{"line":73,"column":63}},"type":"cond-expr","locations":[{"start":{"line":73,"column":43},"end":{"line":73,"column":58}},{"start":{"line":73,"column":61},"end":{"line":73,"column":63}}]}},"s":{"0":1,"1":6,"2":1,"3":5,"4":1,"5":6,"6":1,"7":3,"8":1,"9":3,"10":3,"11":1,"12":2,"13":1,"14":1,"15":2,"16":1,"17":1,"18":2,"19":1,"20":1,"21":3,"22":3},"f":{"0":6,"1":6,"2":3,"3":3,"4":2,"5":2,"6":2,"7":3},"b":{"0":[1,5],"1":[0],"2":[1,2],"3":[1,2],"4":[3,0],"5":[1,1],"6":[1,1],"7":[1,1],"8":[1,2]},"_coverageSchema":"332fd63041d2c1bcb487cc26dd0d5f7d97098a6c","hash":"8ad3660dcf96df9a2ddd9340bdbe39c98c4a3eee"}
,"/Users/oyvind/Documents/npm/react-gridify/src/Row.js": {"path":"/Users/oyvind/Documents/npm/react-gridify/src/Row.js","statementMap":{"0":{"start":{"line":4,"column":28},"end":{"line":9,"column":2}},"1":{"start":{"line":4,"column":40},"end":{"line":9,"column":2}},"2":{"start":{"line":11,"column":12},"end":{"line":17,"column":1}},"3":{"start":{"line":12,"column":2},"end":{"line":16,"column":4}}},"fnMap":{"0":{"name":"(anonymous_0)","decl":{"start":{"line":4,"column":28},"end":{"line":4,"column":29}},"loc":{"start":{"line":4,"column":40},"end":{"line":9,"column":2}}},"1":{"name":"(anonymous_1)","decl":{"start":{"line":11,"column":12},"end":{"line":11,"column":13}},"loc":{"start":{"line":11,"column":40},"end":{"line":17,"column":1}}}},"branchMap":{"0":{"loc":{"start":{"line":5,"column":6},"end":{"line":5,"column":63}},"type":"cond-expr","locations":[{"start":{"line":5,"column":17},"end":{"line":5,"column":39}},{"start":{"line":5,"column":42},"end":{"line":5,"column":63}}]}},"s":{"0":1,"1":1,"2":1,"3":1},"f":{"0":1,"1":1},"b":{"0":[0,1]},"_coverageSchema":"332fd63041d2c1bcb487cc26dd0d5f7d97098a6c","hash":"587de16f1a15bd92b61806cffae3ba408b2f559f"}
,"/Users/oyvind/Documents/npm/react-gridify/src/index.js": {"path":"/Users/oyvind/Documents/npm/react-gridify/src/index.js","statementMap":{},"fnMap":{},"branchMap":{},"s":{},"f":{},"b":{},"_coverageSchema":"332fd63041d2c1bcb487cc26dd0d5f7d97098a6c","hash":"9110ab0c9924cc6174e058ed840415a994fe327f"}
}
