TN:
SF:/Users/oyvind/Documents/npm/react-gridify/src/Column.js
FN:4,(anonymous_0)
FN:12,(anonymous_1)
FN:16,(anonymous_2)
FN:23,(anonymous_3)
FN:31,(anonymous_4)
FN:41,(anonymous_5)
FN:51,(anonymous_6)
FN:61,(anonymous_7)
FNF:8
FNH:8
FNDA:6,(anonymous_0)
FNDA:6,(anonymous_1)
FNDA:3,(anonymous_2)
FNDA:3,(anonymous_3)
FNDA:2,(anonymous_4)
FNDA:2,(anonymous_5)
FNDA:2,(anonymous_6)
FNDA:3,(anonymous_7)
DA:4,1
DA:5,6
DA:6,1
DA:8,5
DA:12,6
DA:16,3
DA:23,1
DA:24,3
DA:25,3
DA:31,1
DA:32,2
DA:33,1
DA:41,1
DA:42,2
DA:43,1
DA:51,1
DA:52,2
DA:53,1
DA:61,1
DA:73,3
DA:74,3
LF:21
LH:21
BRDA:5,0,0,1
BRDA:5,0,1,5
BRDA:12,1,0,0
BRDA:19,2,0,1
BRDA:19,2,1,2
BRDA:20,3,0,1
BRDA:20,3,1,2
BRDA:24,4,0,3
BRDA:24,4,1,0
BRDA:32,5,0,1
BRDA:32,5,1,1
BRDA:42,6,0,1
BRDA:42,6,1,1
BRDA:52,7,0,1
BRDA:52,7,1,1
BRDA:73,8,0,1
BRDA:73,8,1,2
BRF:17
BRH:15
end_of_record
TN:
SF:/Users/oyvind/Documents/npm/react-gridify/src/Row.js
FN:4,(anonymous_0)
FN:11,(anonymous_1)
FNF:2
FNH:2
FNDA:1,(anonymous_0)
FNDA:1,(anonymous_1)
DA:4,1
DA:11,1
DA:12,1
LF:3
LH:3
BRDA:5,0,0,0
BRDA:5,0,1,1
BRF:2
BRH:1
end_of_record
TN:
SF:/Users/oyvind/Documents/npm/react-gridify/src/index.js
FNF:0
FNH:0
LF:0
LH:0
BRF:0
BRH:0
end_of_record
